<?xml version="1.0" encoding="UTF-8"?>
<!-- Generated by org.testng.reporters.JUnitReportReporter -->
<testsuite skipped="0" hostname="CHARAN" name="Test.TestRunPage" tests="1" failures="0" timestamp="2021-04-25T13:05:56 IST" time="104.014" errors="0">
  <testcase name="loggingInReddif" time="104.014" classname="Test.TestRunPage"/>
</testsuite> <!-- Test.TestRunPage -->
